Build started 7/24/2014 4:38:48 PM.
     1>Project "C:\Users\student\Desktop\anthonyk\2048\2048\2048.vcxproj" on node 2 (build target(s)).
     1>InitializeBuildStatus:
         Creating "Release\2048.unsuccessfulbuild" because "AlwaysCreate" was specified.
       ClCompile:
         C:\Program Files (x86)\Microsoft Visual Studio 10.0\VC\bin\CL.exe /c /Zi /nologo /W3 /WX- /O2 /Oi /Oy- /GL /D WIN32 /D NDEBUG /D _CONSOLE /D _UNICODE /D UNICODE /Gm- /EHsc /MD /GS /Gy /fp:precise /Zc:wchar_t /Zc:forScope /Fo"Release\\" /Fd"Release\vc100.pdb" /Gd /TP /analyze- /errorReport:prompt 2048.cpp
         2048.cpp
     1>2048.cpp(135): warning C4244: 'argument' : conversion from 'time_t' to 'unsigned int', possible loss of data
     1>2048.cpp(344): warning C4244: 'argument' : conversion from 'time_t' to 'unsigned int', possible loss of data
       Link:
         C:\Program Files (x86)\Microsoft Visual Studio 10.0\VC\bin\link.exe /ERRORREPORT:PROMPT /OUT:"C:\Users\student\Desktop\anthonyk\2048\Release\2048.exe" /INCREMENTAL:NO /NOLOGO kernel32.lib user32.lib gdi32.lib winspool.lib comdlg32.lib advapi32.lib shell32.lib ole32.lib oleaut32.lib uuid.lib odbc32.lib odbccp32.lib /MANIFEST /ManifestFile:"Release\2048.exe.intermediate.manifest" /MANIFESTUAC:"level='asInvoker' uiAccess='false'" /DEBUG /PDB:"C:\Users\student\Desktop\anthonyk\2048\Release\2048.pdb" /SUBSYSTEM:CONSOLE /OPT:REF /OPT:ICF /LTCG /TLBID:1 /DYNAMICBASE /NXCOMPAT /IMPLIB:"C:\Users\student\Desktop\anthonyk\2048\Release\2048.lib" /MACHINE:X86 Release\2048.obj
         Generating code
         Finished generating code
         2048.vcxproj -> C:\Users\student\Desktop\anthonyk\2048\Release\2048.exe
       Manifest:
         C:\Program Files (x86)\Microsoft SDKs\Windows\v7.0A\bin\mt.exe /nologo /verbose /outputresource:"C:\Users\student\Desktop\anthonyk\2048\Release\2048.exe;#1" /manifest Release\2048.exe.intermediate.manifest
       FinalizeBuildStatus:
         Deleting file "Release\2048.unsuccessfulbuild".
         Touching "Release\2048.lastbuildstate".
     1>Done Building Project "C:\Users\student\Desktop\anthonyk\2048\2048\2048.vcxproj" (build target(s)).

Build succeeded.

Time Elapsed 00:00:00.87
